<?xml version="1.0" encoding="UTF-8"?>
<!-- Generated by org.testng.reporters.JUnitXMLReporter -->
<testsuite hostname="94ZQ7BS" name="Test" tests="1" failures="0" timestamp="29 Mar 2018 04:44:55 GMT" time="1.077" errors="0">
  <testcase name="@BeforeClass setUpClass" time="0.0" classname="helpers.RunTest">
    <failure type="cucumber.runtime.DuplicateStepDefinitionException" message="Duplicate step definitions in stepDefinitions.Verify_Women_TShirt_Checkout_Process.i_open_a_browser_and_open_policy_baazzar_site() in file:/C:/Users/hiteshg/git/CucumberAdidasNewWorkSpace/CucumberAdidasProject/target/classes/ and stepDefinitions.Adidas_Mens_Basketball_Search_Count_Validation.i_open_a_browser_and_open_policy_baazzar_site() in file:/C:/Users/hiteshg/git/CucumberAdidasNewWorkSpace/CucumberAdidasProject/target/classes/">
      <![CDATA[cucumber.runtime.DuplicateStepDefinitionException: Duplicate step definitions in stepDefinitions.Verify_Women_TShirt_Checkout_Process.i_open_a_browser_and_open_policy_baazzar_site() in file:/C:/Users/hiteshg/git/CucumberAdidasNewWorkSpace/CucumberAdidasProject/target/classes/ and stepDefinitions.Adidas_Mens_Basketball_Search_Count_Validation.i_open_a_browser_and_open_policy_baazzar_site() in file:/C:/Users/hiteshg/git/CucumberAdidasNewWorkSpace/CucumberAdidasProject/target/classes/
	at cucumber.runtime.RuntimeGlue.addStepDefinition(RuntimeGlue.java:33)
	at cucumber.runtime.java.JavaBackend.addStepDefinition(JavaBackend.java:151)
	at cucumber.runtime.java.MethodScanner.scan(MethodScanner.java:68)
	at cucumber.runtime.java.MethodScanner.scan(MethodScanner.java:41)
	at cucumber.runtime.java.JavaBackend.loadGlue(JavaBackend.java:86)
	at cucumber.runtime.Runtime.<init>(Runtime.java:92)
	at cucumber.runtime.Runtime.<init>(Runtime.java:70)
	at cucumber.runtime.Runtime.<init>(Runtime.java:66)
	at cucumber.api.testng.TestNGCucumberRunner.<init>(TestNGCucumberRunner.java:42)
	at cucumber.api.testng.AbstractTestNGCucumberTests.setUpClass(AbstractTestNGCucumberTests.java:16)
... Removed 24 stack frames]]>
    </failure>
  </testcase> <!-- @BeforeClass setUpClass -->
  <testcase name="@AfterClass tearDownClass" time="0.0" classname="helpers.RunTest">
    <failure type="java.lang.NullPointerException">
      <![CDATA[java.lang.NullPointerException
	at cucumber.api.testng.AbstractTestNGCucumberTests.tearDownClass(AbstractTestNGCucumberTests.java:34)
... Removed 24 stack frames]]>
    </failure>
  </testcase> <!-- @AfterClass tearDownClass -->
  <testcase name="feature" time="0.0" classname="helpers.RunTest">
    <skipped/>
  </testcase> <!-- feature -->
</testsuite> <!-- Test -->
