<?xml version="1.0" encoding="UTF-8"?>
<testng-results skipped="0" failed="0" total="1" passed="1">
  <reporter-output>
  </reporter-output>
  <suite name="Functional Test Suite_Chrome" duration-ms="35723" started-at="2018-04-09T14:10:41Z" finished-at="2018-04-09T14:11:17Z">
    <groups>
      <group name="cucumber">
        <method signature="AbstractTestNGCucumberTests.feature(cucumber.api.testng.CucumberFeatureWrapper)[pri:0, instance:com.cucumber.framework.runner.Login.LoginRunner@4566e5bd]" name="feature" class="cucumber.api.testng.AbstractTestNGCucumberTests"/>
      </group> <!-- cucumber -->
    </groups>
    <test name="Test" duration-ms="35723" started-at="2018-04-09T14:10:41Z" finished-at="2018-04-09T14:11:17Z">
      <class name="com.cucumber.framework.runner.Login.LoginRunner">
        <test-method status="PASS" signature="setUpClass()[pri:0, instance:com.cucumber.framework.runner.Login.LoginRunner@4566e5bd]" name="setUpClass" is-config="true" duration-ms="558" started-at="2018-04-09T19:40:41Z" finished-at="2018-04-09T19:40:42Z">
          <reporter-output>
          </reporter-output>
        </test-method> <!-- setUpClass -->
        <test-method status="PASS" signature="feature(cucumber.api.testng.CucumberFeatureWrapper)[pri:0, instance:com.cucumber.framework.runner.Login.LoginRunner@4566e5bd]" name="feature" duration-ms="35000" started-at="2018-04-09T19:40:42Z" description="Runs Cucumber Feature" data-provider="features" finished-at="2018-04-09T19:41:17Z">
          <params>
            <param index="0">
              <value>
                <![CDATA[Login to application]]>
              </value>
            </param>
          </params>
          <reporter-output>
          </reporter-output>
        </test-method> <!-- feature -->
        <test-method status="PASS" signature="tearDownClass()[pri:0, instance:com.cucumber.framework.runner.Login.LoginRunner@4566e5bd]" name="tearDownClass" is-config="true" duration-ms="23" started-at="2018-04-09T19:41:17Z" finished-at="2018-04-09T19:41:17Z">
          <reporter-output>
          </reporter-output>
        </test-method> <!-- tearDownClass -->
      </class> <!-- com.cucumber.framework.runner.Login.LoginRunner -->
    </test> <!-- Test -->
  </suite> <!-- Functional Test Suite_Chrome -->
</testng-results>
